0 info it worked if it ends with ok
1 verbose cli [ '/usr/local/Cellar/node/6.5.0/bin/node',
1 verbose cli   '/usr/local/bin/npm',
1 verbose cli   'run',
1 verbose cli   'server' ]
2 info using npm@4.0.0
3 info using node@v6.5.0
4 verbose run-script [ 'preserver', 'server', 'postserver' ]
5 info lifecycle @~preserver: @
6 warn lifecycle The node binary used for scripts is /usr/local/bin/node but npm is using /usr/local/Cellar/node/6.5.0/bin/node itself. Use the `--scripts-prepend-node-path` option to include the path for the node binary npm was executed with.
7 silly lifecycle @~preserver: no script for preserver, continuing
8 info lifecycle @~server: @
9 verbose lifecycle @~server: unsafe-perm in lifecycle true
10 verbose lifecycle @~server: PATH: /usr/local/lib/node_modules/npm/bin/node-gyp-bin:/Users/adam/projects/czyjesttarta/node_modules/.bin:/usr/local/bin:/usr/bin:/bin:/usr/sbin:/sbin:/Applications/Firefox.app/Contents/MacOS
11 verbose lifecycle @~server: CWD: /Users/adam/projects/czyjesttarta
12 silly lifecycle @~server: Args: [ '-c', 'node server/index.js' ]
13 silly lifecycle @~server: Returned: code: 1  signal: null
14 info lifecycle @~server: Failed to exec server script
15 verbose stack Error: @ server: `node server/index.js`
15 verbose stack Exit status 1
15 verbose stack     at EventEmitter.<anonymous> (/usr/local/lib/node_modules/npm/lib/utils/lifecycle.js:277:16)
15 verbose stack     at emitTwo (events.js:106:13)
15 verbose stack     at EventEmitter.emit (events.js:191:7)
15 verbose stack     at ChildProcess.<anonymous> (/usr/local/lib/node_modules/npm/lib/utils/spawn.js:40:14)
15 verbose stack     at emitTwo (events.js:106:13)
15 verbose stack     at ChildProcess.emit (events.js:191:7)
15 verbose stack     at maybeClose (internal/child_process.js:877:16)
15 verbose stack     at Process.ChildProcess._handle.onexit (internal/child_process.js:226:5)
16 verbose pkgid @
17 verbose cwd /Users/adam/projects/czyjesttarta
18 error Darwin 16.1.0
19 error argv "/usr/local/Cellar/node/6.5.0/bin/node" "/usr/local/bin/npm" "run" "server"
20 error node v6.5.0
21 error npm  v4.0.0
22 error code ELIFECYCLE
23 error @ server: `node server/index.js`
23 error Exit status 1
24 error Failed at the @ server script 'node server/index.js'.
24 error Make sure you have the latest version of node.js and npm installed.
24 error If you do, this is most likely a problem with the  package,
24 error not with npm itself.
24 error Tell the author that this fails on your system:
24 error     node server/index.js
24 error You can get information on how to open an issue for this project with:
24 error     npm bugs
24 error Or if that isn't available, you can get their info via:
24 error     npm owner ls
24 error There is likely additional logging output above.
25 verbose exit [ 1, true ]
